<?xml version="1.0" encoding="UTF-8"?>
<!-- Generated by org.testng.reporters.JUnitReportReporter -->
<testsuite hostname="LAPTOP-6EUUVVQ8" failures="0" tests="1" name="testCases.LoginTest" time="1.272" errors="0" timestamp="2024-11-04T14:14:47 IST" skipped="0">
  <testcase classname="testCases.LoginTest" name="logintest" time="1.272"/>
</testsuite> <!-- testCases.LoginTest -->
