<?xml version="1.0" encoding="UTF-8"?>
<!-- Generated by org.testng.reporters.JUnitReportReporter -->
<testsuite hostname="LAPTOP-6EUUVVQ8" failures="0" tests="1" name="testCases.ProductsFromDesktopsMac" time="7.994" errors="0" timestamp="2024-11-01T20:39:51 IST" skipped="0">
  <testcase classname="testCases.ProductsFromDesktopsMac" name="MacProducts" time="7.994"/>
</testsuite> <!-- testCases.ProductsFromDesktopsMac -->
