<?xml version="1.0" encoding="UTF-8"?>
<!-- Generated by org.testng.reporters.JUnitReportReporter -->
<testsuite hostname="LAPTOP-6EUUVVQ8" failures="0" tests="1" name="testCases.LoginPasswordChange" time="2.097" errors="0" timestamp="2024-11-08T13:13:06 IST" skipped="0">
  <testcase classname="testCases.LoginPasswordChange" name="loginPasswordchng" time="2.097"/>
</testsuite> <!-- testCases.LoginPasswordChange -->
