<?xml version="1.0" encoding="UTF-8"?>
<!-- Generated by org.testng.reporters.JUnitReportReporter -->
<testsuite hostname="LAPTOP-6EUUVVQ8" failures="0" tests="1" name="testCases.LoginPageHeaders" time="4.271" errors="0" timestamp="2024-10-31T18:25:26 IST" skipped="0">
  <testcase classname="testCases.LoginPageHeaders" name="headers" time="4.271"/>
</testsuite> <!-- testCases.LoginPageHeaders -->
