<?xml version="1.0" encoding="UTF-8"?>
<!-- Generated by org.testng.reporters.JUnitReportReporter -->
<testsuite hostname="LAPTOP-6EUUVVQ8" failures="0" tests="1" name="testCases.ProductsFromDesktopsMac" time="4.776" errors="0" timestamp="2024-11-01T15:53:38 IST" skipped="0">
  <testcase classname="testCases.ProductsFromDesktopsMac" name="MacProducts" time="4.776"/>
</testsuite> <!-- testCases.ProductsFromDesktopsMac -->
