<?xml version="1.0" encoding="UTF-8"?>
<!-- Generated by org.testng.reporters.JUnitReportReporter -->
<testsuite hostname="LAPTOP-6EUUVVQ8" failures="0" tests="1" name="testCases.RightSideMC_Confirmation" time="3.980" errors="0" timestamp="2024-11-18T20:10:06 IST" skipped="0">
  <testcase classname="testCases.RightSideMC_Confirmation" name="edm" time="3.980"/>
</testsuite> <!-- testCases.RightSideMC_Confirmation -->
