<?xml version="1.0" encoding="UTF-8"?>
<!-- Generated by org.testng.reporters.JUnitReportReporter -->
<testsuite hostname="LAPTOP-6EUUVVQ8" failures="0" tests="1" name="testCases.LoginPasswordChange" time="2.586" errors="0" timestamp="2024-11-12T20:39:47 IST" skipped="0">
  <testcase classname="testCases.LoginPasswordChange" name="loginPasswordchng" time="2.586"/>
</testsuite> <!-- testCases.LoginPasswordChange -->
