<?xml version="1.0" encoding="UTF-8"?>
<!-- Generated by org.testng.reporters.JUnitReportReporter -->
<testsuite hostname="LAPTOP-6EUUVVQ8" failures="0" tests="1" name="testCases.RightSideMC_Confirmation" time="1.469" errors="0" timestamp="2024-11-16T20:24:57 IST" skipped="0">
  <testcase classname="testCases.RightSideMC_Confirmation" name="edm" time="1.469"/>
</testsuite> <!-- testCases.RightSideMC_Confirmation -->
