<?xml version="1.0" encoding="UTF-8"?>
<!-- Generated by org.testng.reporters.JUnitReportReporter -->
<testsuite hostname="LAPTOP-6EUUVVQ8" failures="0" tests="1" name="testCases.AccountRegistrationTest" time="1.391" errors="0" timestamp="2024-10-28T16:13:43 IST" skipped="0">
  <testcase classname="testCases.AccountRegistrationTest" name="AccountRegister" time="1.391"/>
</testsuite> <!-- testCases.AccountRegistrationTest -->
