<?xml version="1.0" encoding="UTF-8"?>
<!-- Generated by org.testng.reporters.JUnitReportReporter -->
<testsuite hostname="LAPTOP-6EUUVVQ8" failures="0" tests="1" name="testCases.SearchProduct" time="0.669" errors="0" timestamp="2024-10-29T18:12:31 IST" skipped="0">
  <testcase classname="testCases.SearchProduct" name="searchTest" time="0.669"/>
</testsuite> <!-- testCases.SearchProduct -->
